<?xml version="1.0" encoding="UTF-8"?>
<!-- Generated by org.testng.reporters.JUnitReportReporter -->
<testsuite name="ua.epam.spring.hometask.service.impl.EventServiceTest" tests="8" time="0.055" ignored="0" failures="0" timestamp="17 Aug 2018 11:17:06 GMT" skipped="0" hostname="EPBYMINW7604" errors="0">
  <testcase name="testGetForDateRange" time="0.010" classname="ua.epam.spring.hometask.service.impl.EventServiceTest"/>
  <testcase name="testFindEventByNotExistentName" time="0.001" classname="ua.epam.spring.hometask.service.impl.EventServiceTest"/>
  <testcase name="testFindEventByName" time="0.012" classname="ua.epam.spring.hometask.service.impl.EventServiceTest"/>
  <testcase name="testGetForDateRange" time="0.006" classname="ua.epam.spring.hometask.service.impl.EventServiceTest"/>
  <testcase name="testGetForDateRange" time="0.002" classname="ua.epam.spring.hometask.service.impl.EventServiceTest"/>
  <testcase name="testGetForDateRange" time="0.014" classname="ua.epam.spring.hometask.service.impl.EventServiceTest"/>
  <testcase name="testGetForDateRange" time="0.003" classname="ua.epam.spring.hometask.service.impl.EventServiceTest"/>
  <testcase name="testGetForDateRange" time="0.007" classname="ua.epam.spring.hometask.service.impl.EventServiceTest"/>
</testsuite> <!-- ua.epam.spring.hometask.service.impl.EventServiceTest -->
