<?xml version="1.0" encoding="UTF-8"?>
<!-- Generated by org.testng.reporters.JUnitReportReporter -->
<testsuite name="ua.epam.spring.hometask.aspects.CounterAspectTest" tests="6" time="0.869" ignored="0" failures="0" timestamp="20 Aug 2018 09:28:29 GMT" skipped="0" hostname="EPBYMINW7604" errors="0">
  <testcase name="testGetEmptyStatisticByEvent" time="0.022" classname="ua.epam.spring.hometask.aspects.CounterAspectTest"/>
  <testcase name="testPriceQueriedException" time="0.016" classname="ua.epam.spring.hometask.aspects.CounterAspectTest"/>
  <testcase name="testPriceQueried" time="0.719" classname="ua.epam.spring.hometask.aspects.CounterAspectTest"/>
  <testcase name="testGetByName" time="0.020" classname="ua.epam.spring.hometask.aspects.CounterAspectTest"/>
  <testcase name="testGetByWrongName" time="0.019" classname="ua.epam.spring.hometask.aspects.CounterAspectTest"/>
  <testcase name="testBookTickets" time="0.073" classname="ua.epam.spring.hometask.aspects.CounterAspectTest"/>
</testsuite> <!-- ua.epam.spring.hometask.aspects.CounterAspectTest -->
