<?xml version="1.0" encoding="UTF-8"?>
<!-- Generated by org.testng.reporters.JUnitReportReporter -->
<testsuite name="ua.epam.spring.hometask.service.impl.discountstrategies.DiscountStrategyTest" tests="16" time="0.162" ignored="0" failures="0" timestamp="17 Aug 2018 11:16:30 GMT" skipped="0" hostname="EPBYMINW7604" errors="0">
  <testcase name="testMultipleStrategy" time="0.002" classname="ua.epam.spring.hometask.service.impl.discountstrategies.DiscountStrategyTest"/>
  <testcase name="testBirthdayStrategy" time="0.019" classname="ua.epam.spring.hometask.service.impl.discountstrategies.DiscountStrategyTest"/>
  <testcase name="testBirthdayStrategy" time="0.001" classname="ua.epam.spring.hometask.service.impl.discountstrategies.DiscountStrategyTest"/>
  <testcase name="testBirthdayStrategy" time="0.001" classname="ua.epam.spring.hometask.service.impl.discountstrategies.DiscountStrategyTest"/>
  <testcase name="testBirthdayStrategy" time="0.001" classname="ua.epam.spring.hometask.service.impl.discountstrategies.DiscountStrategyTest"/>
  <testcase name="testMultipleStrategy" time="0.007" classname="ua.epam.spring.hometask.service.impl.discountstrategies.DiscountStrategyTest"/>
  <testcase name="testMultipleStrategy" time="0.001" classname="ua.epam.spring.hometask.service.impl.discountstrategies.DiscountStrategyTest"/>
  <testcase name="testMultipleStrategy" time="0.001" classname="ua.epam.spring.hometask.service.impl.discountstrategies.DiscountStrategyTest"/>
  <testcase name="testMultipleStrategy" time="0.001" classname="ua.epam.spring.hometask.service.impl.discountstrategies.DiscountStrategyTest"/>
  <testcase name="testBirthdayStrategy" time="0.001" classname="ua.epam.spring.hometask.service.impl.discountstrategies.DiscountStrategyTest"/>
  <testcase name="testMultipleStrategy" time="0.042" classname="ua.epam.spring.hometask.service.impl.discountstrategies.DiscountStrategyTest"/>
  <testcase name="testBirthdayStrategy" time="0.073" classname="ua.epam.spring.hometask.service.impl.discountstrategies.DiscountStrategyTest"/>
  <testcase name="testMultipleStrategy" time="0.005" classname="ua.epam.spring.hometask.service.impl.discountstrategies.DiscountStrategyTest"/>
  <testcase name="testMultipleStrategy" time="0.001" classname="ua.epam.spring.hometask.service.impl.discountstrategies.DiscountStrategyTest"/>
  <testcase name="testMultipleStrategy" time="0.004" classname="ua.epam.spring.hometask.service.impl.discountstrategies.DiscountStrategyTest"/>
  <testcase name="testBirthdayStrategy" time="0.002" classname="ua.epam.spring.hometask.service.impl.discountstrategies.DiscountStrategyTest"/>
</testsuite> <!-- ua.epam.spring.hometask.service.impl.discountstrategies.DiscountStrategyTest -->
