<?xml version="1.0" encoding="UTF-8"?>
<!-- Generated by org.testng.reporters.JUnitReportReporter -->
<testsuite name="ua.epam.spring.hometask.aspects.LuckyWinnerAspectTest" tests="1" time="0.910" ignored="0" failures="0" timestamp="20 Aug 2018 09:28:13 GMT" skipped="0" hostname="EPBYMINW7604" errors="0">
  <testcase name="testLucky" time="0.910" classname="ua.epam.spring.hometask.aspects.LuckyWinnerAspectTest"/>
</testsuite> <!-- ua.epam.spring.hometask.aspects.LuckyWinnerAspectTest -->
