<?xml version="1.0" encoding="UTF-8"?>
<!-- Generated by org.testng.reporters.JUnitReportReporter -->
<testsuite name="ua.epam.spring.hometask.service.impl.DiscountServiceTest" tests="4" time="0.046" ignored="0" failures="0" timestamp="17 Aug 2018 11:16:59 GMT" skipped="0" hostname="EPBYMINW7604" errors="0">
  <testcase name="testGetDiscountMethod" time="0.002" classname="ua.epam.spring.hometask.service.impl.DiscountServiceTest"/>
  <testcase name="testGetDiscountMethod" time="0.039" classname="ua.epam.spring.hometask.service.impl.DiscountServiceTest"/>
  <testcase name="testGetDiscountMethod" time="0.002" classname="ua.epam.spring.hometask.service.impl.DiscountServiceTest"/>
  <testcase name="testGetDiscountMethod" time="0.003" classname="ua.epam.spring.hometask.service.impl.DiscountServiceTest"/>
</testsuite> <!-- ua.epam.spring.hometask.service.impl.DiscountServiceTest -->
