<?xml version="1.0" encoding="UTF-8"?>
<!-- Generated by org.testng.reporters.JUnitReportReporter -->
<testsuite name="ua.epam.spring.hometask.service.impl.BookingServiceTest" tests="13" time="0.250" ignored="1" failures="0" timestamp="17 Aug 2018 11:16:51 GMT" skipped="0" hostname="EPBYMINW7604" errors="0">
  <testcase name="testGetTicketPriceWrongTime" time="0.002" classname="ua.epam.spring.hometask.service.impl.BookingServiceTest"/>
  <testcase name="testGetTicketPriceSimpleConditions" time="0.005" classname="ua.epam.spring.hometask.service.impl.BookingServiceTest"/>
  <testcase name="testGetTicketPriceSimpleConditions" time="0.003" classname="ua.epam.spring.hometask.service.impl.BookingServiceTest"/>
  <testcase name="testGetPurchasedTicketsWrongTime" time="0.002" classname="ua.epam.spring.hometask.service.impl.BookingServiceTest"/>
  <testcase name="testBookAlreadyBookedTicket" time="0.093" classname="ua.epam.spring.hometask.service.impl.BookingServiceTest"/>
  <testcase name="testBookedTicketSavedInUser" time="0.002" classname="ua.epam.spring.hometask.service.impl.BookingServiceTest"/>
  <testcase name="testGetTicketPriceSimpleConditions" time="0.002" classname="ua.epam.spring.hometask.service.impl.BookingServiceTest"/>
  <testcase name="testGetTicketPriceAlreadyBooked" time="0.011" classname="ua.epam.spring.hometask.service.impl.BookingServiceTest"/>
  <testcase name="testGetPurchasedTickets" time="0.003" classname="ua.epam.spring.hometask.service.impl.BookingServiceTest"/>
  <testcase name="testGetTicketPriceWrongSeat" time="0.001" classname="ua.epam.spring.hometask.service.impl.BookingServiceTest"/>
  <testcase name="testGetTicketPriceSimpleConditions" time="0.002" classname="ua.epam.spring.hometask.service.impl.BookingServiceTest"/>
  <testcase name="testGetTicketPriceSimpleConditions" time="0.123" classname="ua.epam.spring.hometask.service.impl.BookingServiceTest"/>
  <testcase name="testGetTicketPriceSimpleConditions" time="0.001" classname="ua.epam.spring.hometask.service.impl.BookingServiceTest"/>
  <testcase name="testBookNotValidTicket" classname="ua.epam.spring.hometask.service.impl.BookingServiceTest">
    <skipped/>
  </testcase> <!-- testBookNotValidTicket -->
</testsuite> <!-- ua.epam.spring.hometask.service.impl.BookingServiceTest -->
