<?xml version="1.0" encoding="UTF-8"?>
<!-- Generated by org.testng.reporters.JUnitReportReporter -->
<testsuite name="ua.epam.spring.hometask.aspects.DiscountAspectTest" tests="3" time="0.756" ignored="0" failures="0" timestamp="24 Aug 2018 10:04:17 GMT" skipped="0" hostname="EPBYMINW7604" errors="0">
  <testcase name="testMultipleSameStrategies" time="0.676" classname="ua.epam.spring.hometask.aspects.DiscountAspectTest"/>
  <testcase name="testAllStrategies" time="0.073" classname="ua.epam.spring.hometask.aspects.DiscountAspectTest"/>
  <testcase name="testDiscountStrategy1" time="0.007" classname="ua.epam.spring.hometask.aspects.DiscountAspectTest"/>
</testsuite> <!-- ua.epam.spring.hometask.aspects.DiscountAspectTest -->
