<?xml version="1.0" encoding="UTF-8"?>
<!-- Generated by org.testng.reporters.JUnitReportReporter -->
<testsuite name="ua.epam.spring.hometask.service.impl.UserServiceTest" tests="2" time="0.057" ignored="0" failures="0" timestamp="24 Aug 2018 10:02:41 GMT" skipped="0" hostname="EPBYMINW7604" errors="0">
  <testcase name="testGetUserByNotExistentEmail" time="0.002" classname="ua.epam.spring.hometask.service.impl.UserServiceTest"/>
  <testcase name="testGetUserByExistentEmail" time="0.055" classname="ua.epam.spring.hometask.service.impl.UserServiceTest"/>
</testsuite> <!-- ua.epam.spring.hometask.service.impl.UserServiceTest -->
