<?xml version="1.0" encoding="UTF-8"?>
<!-- Generated by org.testng.reporters.JUnitReportReporter -->
<testsuite name="ua.epam.spring.hometask.service.impl.AuditoriumServiceTest" tests="5" time="0.024" ignored="0" failures="0" timestamp="17 Aug 2018 11:16:40 GMT" skipped="0" hostname="EPBYMINW7604" errors="0">
  <testcase name="testGetByNotExistentName" time="0.002" classname="ua.epam.spring.hometask.service.impl.AuditoriumServiceTest"/>
  <testcase name="testGetByName" time="0.002" classname="ua.epam.spring.hometask.service.impl.AuditoriumServiceTest"/>
  <testcase name="testGetByName" time="0.006" classname="ua.epam.spring.hometask.service.impl.AuditoriumServiceTest"/>
  <testcase name="testGetAllAuditorium" time="0.012" classname="ua.epam.spring.hometask.service.impl.AuditoriumServiceTest"/>
  <testcase name="testGetByName" time="0.002" classname="ua.epam.spring.hometask.service.impl.AuditoriumServiceTest"/>
</testsuite> <!-- ua.epam.spring.hometask.service.impl.AuditoriumServiceTest -->
