<?xml version="1.0" encoding="UTF-8"?>
<!-- Generated by org.testng.reporters.JUnitReportReporter -->
<testsuite name="ua.epam.spring.hometask.service.impl.UserServiceTest" tests="2" time="0.062" ignored="0" failures="0" timestamp="16 Aug 2018 14:48:49 GMT" skipped="0" hostname="EPBYMINW7604" errors="0">
  <testcase name="testGetUserByNotExistentEmail" time="0.000" classname="ua.epam.spring.hometask.service.impl.UserServiceTest"/>
  <testcase name="testGetUserByExistentEmail" time="0.062" classname="ua.epam.spring.hometask.service.impl.UserServiceTest"/>
</testsuite> <!-- ua.epam.spring.hometask.service.impl.UserServiceTest -->
