<?xml version="1.0" encoding="UTF-8"?>
<!-- Generated by org.testng.reporters.JUnitReportReporter -->
<testsuite name="ua.epam.spring.hometask.aspects.DiscountAspectTest" tests="3" time="0.745" ignored="0" failures="0" timestamp="20 Aug 2018 09:28:22 GMT" skipped="0" hostname="EPBYMINW7604" errors="0">
  <testcase name="testMultipleSameStrategies" time="0.665" classname="ua.epam.spring.hometask.aspects.DiscountAspectTest"/>
  <testcase name="testAllStrategies" time="0.072" classname="ua.epam.spring.hometask.aspects.DiscountAspectTest"/>
  <testcase name="testDiscountStrategy1" time="0.008" classname="ua.epam.spring.hometask.aspects.DiscountAspectTest"/>
</testsuite> <!-- ua.epam.spring.hometask.aspects.DiscountAspectTest -->
