<?xml version="1.0" encoding="UTF-8"?>
<!-- Generated by org.testng.reporters.JUnitReportReporter -->
<testsuite name="ua.epam.spring.hometask.service.impl.DiscountServiceTest" tests="4" time="0.054" ignored="0" failures="0" timestamp="16 Aug 2018 14:48:35 GMT" skipped="0" hostname="EPBYMINW7604" errors="0">
  <testcase name="testGetDiscountMethod" time="0.038" classname="ua.epam.spring.hometask.service.impl.DiscountServiceTest"/>
  <testcase name="testGetDiscountMethod" time="0.000" classname="ua.epam.spring.hometask.service.impl.DiscountServiceTest"/>
  <testcase name="testGetDiscountMethod" time="0.016" classname="ua.epam.spring.hometask.service.impl.DiscountServiceTest"/>
  <testcase name="testGetDiscountMethod" time="0.000" classname="ua.epam.spring.hometask.service.impl.DiscountServiceTest"/>
</testsuite> <!-- ua.epam.spring.hometask.service.impl.DiscountServiceTest -->
