<?xml version="1.0" encoding="UTF-8"?>
<!-- Generated by org.testng.reporters.JUnitReportReporter -->
<testsuite name="ua.epam.spring.hometask.service.impl.UserServiceTest" tests="2" time="0.078" ignored="0" failures="0" timestamp="17 Aug 2018 11:17:13 GMT" skipped="0" hostname="EPBYMINW7604" errors="0">
  <testcase name="testGetUserByNotExistentEmail" time="0.001" classname="ua.epam.spring.hometask.service.impl.UserServiceTest"/>
  <testcase name="testGetUserByExistentEmail" time="0.077" classname="ua.epam.spring.hometask.service.impl.UserServiceTest"/>
</testsuite> <!-- ua.epam.spring.hometask.service.impl.UserServiceTest -->
