<?xml version="1.0" encoding="UTF-8"?>
<!-- Generated by org.testng.reporters.JUnitReportReporter -->
<testsuite name="ua.epam.spring.hometask.aspects.LuckyWinnerAspectTest" tests="1" time="0.895" ignored="0" failures="0" timestamp="24 Aug 2018 10:04:24 GMT" skipped="0" hostname="EPBYMINW7604" errors="0">
  <testcase name="testLucky" time="0.895" classname="ua.epam.spring.hometask.aspects.LuckyWinnerAspectTest"/>
</testsuite> <!-- ua.epam.spring.hometask.aspects.LuckyWinnerAspectTest -->
